2015-11-19 13:26:14 Error: [MissingControllerException] Controller class CssController could not be found.
Exception Attributes: array (
  'class' => 'CssController',
  'plugin' => NULL,
)
Request URL: /ime/labbd/css/bootstrap.css
Stack Trace:
#0 /var/www/html/ime/labbd/webroot/index.php(108): Dispatcher->dispatch(Object(CakeRequest), Object(CakeResponse))
#1 {main}
2015-11-19 13:27:15 Error: [MissingControllerException] Controller class CssController could not be found.
Exception Attributes: array (
  'class' => 'CssController',
  'plugin' => NULL,
)
Request URL: /ime/labbd/css/bootstrap.css
Stack Trace:
#0 /var/www/html/ime/labbd/webroot/index.php(108): Dispatcher->dispatch(Object(CakeRequest), Object(CakeResponse))
#1 {main}
2015-11-19 13:27:18 Error: [MissingControllerException] Controller class CssController could not be found.
Exception Attributes: array (
  'class' => 'CssController',
  'plugin' => NULL,
)
Request URL: /ime/labbd/css/bootstrap.css
Stack Trace:
#0 /var/www/html/ime/labbd/webroot/index.php(108): Dispatcher->dispatch(Object(CakeRequest), Object(CakeResponse))
#1 {main}
2015-11-19 13:27:20 Error: [MissingControllerException] Controller class CssController could not be found.
Exception Attributes: array (
  'class' => 'CssController',
  'plugin' => NULL,
)
Request URL: /ime/labbd/css/bootstrap.css
Stack Trace:
#0 /var/www/html/ime/labbd/webroot/index.php(108): Dispatcher->dispatch(Object(CakeRequest), Object(CakeResponse))
#1 {main}
2015-11-19 13:27:21 Error: [MissingControllerException] Controller class CssController could not be found.
Exception Attributes: array (
  'class' => 'CssController',
  'plugin' => NULL,
)
Request URL: /ime/labbd/css/bootstrap.css
Stack Trace:
#0 /var/www/html/ime/labbd/webroot/index.php(108): Dispatcher->dispatch(Object(CakeRequest), Object(CakeResponse))
#1 {main}
2015-11-19 13:27:34 Error: [MissingControllerException] Controller class DefaultController could not be found.
Exception Attributes: array (
  'class' => 'DefaultController',
  'plugin' => NULL,
)
Request URL: /ime/labbd/default
Stack Trace:
#0 /var/www/html/ime/labbd/webroot/index.php(108): Dispatcher->dispatch(Object(CakeRequest), Object(CakeResponse))
#1 {main}
2015-11-19 13:27:34 Error: [MissingControllerException] Controller class CssController could not be found.
Exception Attributes: array (
  'class' => 'CssController',
  'plugin' => NULL,
)
Request URL: /ime/labbd/css/bootstrap.css
Stack Trace:
#0 /var/www/html/ime/labbd/webroot/index.php(108): Dispatcher->dispatch(Object(CakeRequest), Object(CakeResponse))
#1 {main}
2015-11-19 13:28:03 Error: [MissingControllerException] Controller class DefaultController could not be found.
Exception Attributes: array (
  'class' => 'DefaultController',
  'plugin' => NULL,
)
Request URL: /ime/labbd/default
Stack Trace:
#0 /var/www/html/ime/labbd/webroot/index.php(108): Dispatcher->dispatch(Object(CakeRequest), Object(CakeResponse))
#1 {main}
2015-11-19 13:28:03 Error: [MissingControllerException] Controller class CssController could not be found.
Exception Attributes: array (
  'class' => 'CssController',
  'plugin' => NULL,
)
Request URL: /ime/labbd/css/bootstrap.css
Stack Trace:
#0 /var/www/html/ime/labbd/webroot/index.php(108): Dispatcher->dispatch(Object(CakeRequest), Object(CakeResponse))
#1 {main}
2015-11-19 13:28:08 Error: [MissingControllerException] Controller class CssController could not be found.
Exception Attributes: array (
  'class' => 'CssController',
  'plugin' => NULL,
)
Request URL: /ime/labbd/css/bootstrap.css
Stack Trace:
#0 /var/www/html/ime/labbd/webroot/index.php(108): Dispatcher->dispatch(Object(CakeRequest), Object(CakeResponse))
#1 {main}
2015-11-19 13:29:05 Error: [MissingControllerException] Controller class CssController could not be found.
Exception Attributes: array (
  'class' => 'CssController',
  'plugin' => NULL,
)
Request URL: /ime/labbd/css/bootstrap.css
Stack Trace:
#0 /var/www/html/ime/labbd/webroot/index.php(108): Dispatcher->dispatch(Object(CakeRequest), Object(CakeResponse))
#1 {main}
2015-11-19 13:30:33 Error: [MissingControllerException] Controller class CssController could not be found.
Exception Attributes: array (
  'class' => 'CssController',
  'plugin' => NULL,
)
Request URL: /ime/labbd/css/bootstrap.css
Stack Trace:
#0 /var/www/html/ime/labbd/webroot/index.php(108): Dispatcher->dispatch(Object(CakeRequest), Object(CakeResponse))
#1 {main}
2015-11-19 13:31:38 Error: [MissingControllerException] Controller class CssController could not be found.
Exception Attributes: array (
  'class' => 'CssController',
  'plugin' => NULL,
)
Request URL: /ime/labbd/css/bootstrap.css
Stack Trace:
#0 /var/www/html/ime/labbd/webroot/index.php(108): Dispatcher->dispatch(Object(CakeRequest), Object(CakeResponse))
#1 {main}
2015-11-19 13:31:55 Error: [MissingControllerException] Controller class CssController could not be found.
Exception Attributes: array (
  'class' => 'CssController',
  'plugin' => NULL,
)
Request URL: /ime/labbd/css/bootstrap.css
Stack Trace:
#0 /var/www/html/ime/labbd/webroot/index.php(108): Dispatcher->dispatch(Object(CakeRequest), Object(CakeResponse))
#1 {main}
2015-11-19 13:32:10 Error: [MissingControllerException] Controller class CssController could not be found.
Exception Attributes: array (
  'class' => 'CssController',
  'plugin' => NULL,
)
Request URL: /ime/labbd/css/bootstrap.css
Stack Trace:
#0 /var/www/html/ime/labbd/webroot/index.php(108): Dispatcher->dispatch(Object(CakeRequest), Object(CakeResponse))
#1 {main}
2015-11-19 13:33:54 Error: [MissingControllerException] Controller class CssController could not be found.
Exception Attributes: array (
  'class' => 'CssController',
  'plugin' => NULL,
)
Request URL: /ime/labbd/css/bootstrap.css
Stack Trace:
#0 /var/www/html/ime/labbd/webroot/index.php(108): Dispatcher->dispatch(Object(CakeRequest), Object(CakeResponse))
#1 {main}
2015-11-19 13:57:29 Error: [MissingControllerException] Controller class ImeController could not be found.
Exception Attributes: array (
  'class' => 'ImeController',
  'plugin' => NULL,
)
Request URL: /ime/labbd/ime/labbd/users/add
Stack Trace:
#0 /var/www/html/ime/labbd/webroot/index.php(108): Dispatcher->dispatch(Object(CakeRequest), Object(CakeResponse))
#1 {main}
2015-11-19 13:57:39 Error: [MissingControllerException] Controller class ImeController could not be found.
Exception Attributes: array (
  'class' => 'ImeController',
  'plugin' => NULL,
)
Request URL: /ime/labbd/ime/
Stack Trace:
#0 /var/www/html/ime/labbd/webroot/index.php(108): Dispatcher->dispatch(Object(CakeRequest), Object(CakeResponse))
#1 {main}
2015-11-19 14:36:08 Error: [PDOException] SQLSTATE[23000]: Integrity constraint violation: 1452 Cannot add or update a child row: a foreign key constraint fails (`labbd`.`areas`, CONSTRAINT `FK_areas_areas` FOREIGN KEY (`e_subarea`) REFERENCES `areas` (`titulo`))
Request URL: /ime/labbd/areas/add
Stack Trace:
#0 /cake/2.5.3/lib/Cake/Model/Datasource/DboSource.php(458): PDOStatement->execute(Array)
#1 /cake/2.5.3/lib/Cake/Model/Datasource/DboSource.php(424): DboSource->_execute('INSERT INTO `la...', Array)
#2 /cake/2.5.3/lib/Cake/Model/Datasource/DboSource.php(1012): DboSource->execute('INSERT INTO `la...')
#3 /cake/2.5.3/lib/Cake/Model/Model.php(1850): DboSource->create(Object(Area), Array, Array)
#4 /var/www/html/ime/labbd/Controller/AreasController.php(29): Model->save(Array)
#5 [internal function]: AreasController->add()
#6 /cake/2.5.3/lib/Cake/Controller/Controller.php(490): ReflectionMethod->invokeArgs(Object(AreasController), Array)
#7 /cake/2.5.3/lib/Cake/Routing/Dispatcher.php(191): Controller->invokeAction(Object(CakeRequest))
#8 /cake/2.5.3/lib/Cake/Routing/Dispatcher.php(165): Dispatcher->_invoke(Object(AreasController), Object(CakeRequest))
#9 /var/www/html/ime/labbd/webroot/index.php(108): Dispatcher->dispatch(Object(CakeRequest), Object(CakeResponse))
#10 {main}
2015-11-19 14:48:15 Error: Fatal Error (4): syntax error, unexpected '}', expecting ',' or ';' in [/var/www/html/ime/labbd/View/Areas/index.ctp, line 17]
2015-11-19 14:48:15 Error: [FatalErrorException] syntax error, unexpected '}', expecting ',' or ';'
Request URL: /ime/labbd/areas
Stack Trace:
#0 /cake/2.5.3/lib/Cake/Error/ErrorHandler.php(203): ErrorHandler::handleFatalError(4, 'syntax error, u...', '/var/www/html/i...', 17)
#1 [internal function]: ErrorHandler::handleError(4, 'syntax error, u...', '/var/www/html/i...', 17, Array)
#2 /cake/2.5.3/lib/Cake/Core/App.php(931): call_user_func('ErrorHandler::h...', 4, 'syntax error, u...', '/var/www/html/i...', 17, Array)
#3 /cake/2.5.3/lib/Cake/Core/App.php(904): App::_checkFatalError()
#4 [internal function]: App::shutdown()
#5 {main}
2015-11-19 15:03:19 Error: Fatal Error (1): Call to a member function find() on a non-object in [/var/www/html/ime/labbd/Controller/CursosController.php, line 11]
2015-11-19 15:03:19 Error: [FatalErrorException] Call to a member function find() on a non-object
Request URL: /ime/labbd/cursos
Stack Trace:
#0 /cake/2.5.3/lib/Cake/Error/ErrorHandler.php(203): ErrorHandler::handleFatalError(1, 'Call to a membe...', '/var/www/html/i...', 11)
#1 [internal function]: ErrorHandler::handleError(1, 'Call to a membe...', '/var/www/html/i...', 11, Array)
#2 /cake/2.5.3/lib/Cake/Core/App.php(931): call_user_func('ErrorHandler::h...', 1, 'Call to a membe...', '/var/www/html/i...', 11, Array)
#3 /cake/2.5.3/lib/Cake/Core/App.php(904): App::_checkFatalError()
#4 [internal function]: App::shutdown()
#5 {main}
2015-11-19 15:39:26 Error: [PDOException] SQLSTATE[42S02]: Base table or view not found: 1146 Table 'labbd.Areas' doesn't exist
Request URL: /ime/labbd/areas/view/1
Stack Trace:
#0 /cake/2.5.3/lib/Cake/Model/Datasource/DboSource.php(458): PDOStatement->execute(Array)
#1 /cake/2.5.3/lib/Cake/Model/Datasource/DboSource.php(424): DboSource->_execute('SELECT * FROM A...', Array)
#2 /cake/2.5.3/lib/Cake/Model/Datasource/DboSource.php(666): DboSource->execute('SELECT * FROM A...', Array, Array)
#3 /cake/2.5.3/lib/Cake/Model/Datasource/DboSource.php(537): DboSource->fetchAll('SELECT * FROM A...')
#4 [internal function]: DboSource->query('SELECT * FROM A...')
#5 /cake/2.5.3/lib/Cake/Model/Model.php(3328): call_user_func_array(Array, Array)
#6 /var/www/html/ime/labbd/Controller/AreasController.php(20): Model->query('SELECT * FROM A...')
#7 [internal function]: AreasController->view('1')
#8 /cake/2.5.3/lib/Cake/Controller/Controller.php(490): ReflectionMethod->invokeArgs(Object(AreasController), Array)
#9 /cake/2.5.3/lib/Cake/Routing/Dispatcher.php(191): Controller->invokeAction(Object(CakeRequest))
#10 /cake/2.5.3/lib/Cake/Routing/Dispatcher.php(165): Dispatcher->_invoke(Object(AreasController), Object(CakeRequest))
#11 /var/www/html/ime/labbd/webroot/index.php(108): Dispatcher->dispatch(Object(CakeRequest), Object(CakeResponse))
#12 {main}
2015-11-19 16:08:23 Error: Fatal Error (1): Call to a member function query() on a non-object in [/var/www/html/ime/labbd/Controller/CursosController.php, line 20]
2015-11-19 16:08:23 Error: [FatalErrorException] Call to a member function query() on a non-object
Request URL: /ime/labbd/cursos/view/2
Stack Trace:
#0 /cake/2.5.3/lib/Cake/Error/ErrorHandler.php(203): ErrorHandler::handleFatalError(1, 'Call to a membe...', '/var/www/html/i...', 20)
#1 [internal function]: ErrorHandler::handleError(1, 'Call to a membe...', '/var/www/html/i...', 20, Array)
#2 /cake/2.5.3/lib/Cake/Core/App.php(931): call_user_func('ErrorHandler::h...', 1, 'Call to a membe...', '/var/www/html/i...', 20, Array)
#3 /cake/2.5.3/lib/Cake/Core/App.php(904): App::_checkFatalError()
#4 [internal function]: App::shutdown()
#5 {main}
2015-11-19 16:08:46 Error: [PDOException] SQLSTATE[42S22]: Column not found: 1054 Unknown column 'Aulas.curso_id' in 'field list'
Request URL: /ime/labbd/cursos/view/2
Stack Trace:
#0 /cake/2.5.3/lib/Cake/Model/Datasource/DboSource.php(458): PDOStatement->execute(Array)
#1 /cake/2.5.3/lib/Cake/Model/Datasource/DboSource.php(424): DboSource->_execute('SELECT `Aulas`....', Array)
#2 /cake/2.5.3/lib/Cake/Model/Datasource/DboSource.php(666): DboSource->execute('SELECT `Aulas`....', Array, Array)
#3 /cake/2.5.3/lib/Cake/Model/Datasource/DboSource.php(1421): DboSource->fetchAll('SELECT `Aulas`....', false)
#4 /cake/2.5.3/lib/Cake/Model/Datasource/DboSource.php(1259): DboSource->_fetchHasMany(Object(Curso), 'SELECT `Aulas`....', Array)
#5 /cake/2.5.3/lib/Cake/Model/Datasource/DboSource.php(1142): DboSource->queryAssociation(Object(Curso), Object(AppModel), 'hasMany', 'Aulas', Array, Array, true, Array, 0, Array)
#6 /cake/2.5.3/lib/Cake/Model/Model.php(2921): DboSource->read(Object(Curso), Array)
#7 /cake/2.5.3/lib/Cake/Model/Model.php(2893): Model->_readDataSource('first', Array)
#8 /var/www/html/ime/labbd/Controller/CursosController.php(19): Model->find('first', Array)
#9 [internal function]: CursosController->view('2')
#10 /cake/2.5.3/lib/Cake/Controller/Controller.php(490): ReflectionMethod->invokeArgs(Object(CursosController), Array)
#11 /cake/2.5.3/lib/Cake/Routing/Dispatcher.php(191): Controller->invokeAction(Object(CakeRequest))
#12 /cake/2.5.3/lib/Cake/Routing/Dispatcher.php(165): Dispatcher->_invoke(Object(CursosController), Object(CakeRequest))
#13 /var/www/html/ime/labbd/webroot/index.php(108): Dispatcher->dispatch(Object(CakeRequest), Object(CakeResponse))
#14 {main}
2015-11-19 16:10:22 Error: Fatal Error (1): Call to a member function query() on a non-object in [/var/www/html/ime/labbd/Controller/CursosController.php, line 20]
2015-11-19 16:10:22 Error: [FatalErrorException] Call to a member function query() on a non-object
Request URL: /ime/labbd/cursos/view/2
Stack Trace:
#0 /cake/2.5.3/lib/Cake/Error/ErrorHandler.php(203): ErrorHandler::handleFatalError(1, 'Call to a membe...', '/var/www/html/i...', 20)
#1 [internal function]: ErrorHandler::handleError(1, 'Call to a membe...', '/var/www/html/i...', 20, Array)
#2 /cake/2.5.3/lib/Cake/Core/App.php(931): call_user_func('ErrorHandler::h...', 1, 'Call to a membe...', '/var/www/html/i...', 20, Array)
#3 /cake/2.5.3/lib/Cake/Core/App.php(904): App::_checkFatalError()
#4 [internal function]: App::shutdown()
#5 {main}
2015-11-20 01:03:25 Error: Fatal Error (1): Call to a member function query() on a non-object in [/var/www/html/ime/labbd/Controller/AulasController.php, line 19]
2015-11-20 01:03:25 Error: [FatalErrorException] Call to a member function query() on a non-object
Request URL: /ime/labbd/aulas/view/1
Stack Trace:
#0 /cake/2.5.3/lib/Cake/Error/ErrorHandler.php(203): ErrorHandler::handleFatalError(1, 'Call to a membe...', '/var/www/html/i...', 19)
#1 [internal function]: ErrorHandler::handleError(1, 'Call to a membe...', '/var/www/html/i...', 19, Array)
#2 /cake/2.5.3/lib/Cake/Core/App.php(931): call_user_func('ErrorHandler::h...', 1, 'Call to a membe...', '/var/www/html/i...', 19, Array)
#3 /cake/2.5.3/lib/Cake/Core/App.php(904): App::_checkFatalError()
#4 [internal function]: App::shutdown()
#5 {main}
2015-11-25 14:41:23 Error: [MissingActionException] Action GroupsController::logout() could not be found.
Exception Attributes: array (
  'controller' => 'GroupsController',
  'action' => 'logout',
)
Request URL: /ime/labbd/groups/logout
Stack Trace:
#0 /cake/2.5.3/lib/Cake/Routing/Dispatcher.php(191): Controller->invokeAction(Object(CakeRequest))
#1 /cake/2.5.3/lib/Cake/Routing/Dispatcher.php(165): Dispatcher->_invoke(Object(GroupsController), Object(CakeRequest))
#2 /var/www/html/ime/labbd/webroot/index.php(108): Dispatcher->dispatch(Object(CakeRequest), Object(CakeResponse))
#3 {main}
2015-11-25 14:41:30 Error: [MissingActionException] Action GroupsController::logout() could not be found.
Exception Attributes: array (
  'controller' => 'GroupsController',
  'action' => 'logout',
)
Request URL: /ime/labbd/groups/logout
Stack Trace:
#0 /cake/2.5.3/lib/Cake/Routing/Dispatcher.php(191): Controller->invokeAction(Object(CakeRequest))
#1 /cake/2.5.3/lib/Cake/Routing/Dispatcher.php(165): Dispatcher->_invoke(Object(GroupsController), Object(CakeRequest))
#2 /var/www/html/ime/labbd/webroot/index.php(108): Dispatcher->dispatch(Object(CakeRequest), Object(CakeResponse))
#3 {main}
2015-11-25 14:41:36 Error: [MissingControllerException] Controller class GruposController could not be found.
Exception Attributes: array (
  'class' => 'GruposController',
  'plugin' => NULL,
)
Request URL: /ime/labbd/grupos/logout
Stack Trace:
#0 /var/www/html/ime/labbd/webroot/index.php(108): Dispatcher->dispatch(Object(CakeRequest), Object(CakeResponse))
#1 {main}
2015-11-28 11:30:57 Error: [PDOException] SQLSTATE[42000]: Syntax error or access violation: 1064 You have an error in your SQL syntax; check the manual that corresponds to your MySQL server version for the right syntax to use near '' at line 1
Request URL: /ime/labbd/cursos/view/7
Stack Trace:
#0 /cake/2.5.3/lib/Cake/Model/Datasource/DboSource.php(458): PDOStatement->execute(Array)
#1 /cake/2.5.3/lib/Cake/Model/Datasource/DboSource.php(424): DboSource->_execute('SELECT ', Array)
#2 /cake/2.5.3/lib/Cake/Model/Datasource/DboSource.php(666): DboSource->execute('SELECT ', Array, Array)
#3 /cake/2.5.3/lib/Cake/Model/Datasource/DboSource.php(537): DboSource->fetchAll('SELECT ')
#4 [internal function]: DboSource->query('SELECT ')
#5 /cake/2.5.3/lib/Cake/Model/Model.php(3328): call_user_func_array(Array, Array)
#6 /var/www/html/ime/labbd/Controller/CursosController.php(21): Model->query('SELECT ')
#7 [internal function]: CursosController->view('7')
#8 /cake/2.5.3/lib/Cake/Controller/Controller.php(490): ReflectionMethod->invokeArgs(Object(CursosController), Array)
#9 /cake/2.5.3/lib/Cake/Routing/Dispatcher.php(191): Controller->invokeAction(Object(CakeRequest))
#10 /cake/2.5.3/lib/Cake/Routing/Dispatcher.php(165): Dispatcher->_invoke(Object(CursosController), Object(CakeRequest))
#11 /var/www/html/ime/labbd/webroot/index.php(108): Dispatcher->dispatch(Object(CakeRequest), Object(CakeResponse))
#12 {main}
2015-11-28 11:31:20 Error: [PDOException] SQLSTATE[42000]: Syntax error or access violation: 1064 You have an error in your SQL syntax; check the manual that corresponds to your MySQL server version for the right syntax to use near '' at line 1
Request URL: /ime/labbd/cursos/view/7
Stack Trace:
#0 /cake/2.5.3/lib/Cake/Model/Datasource/DboSource.php(458): PDOStatement->execute(Array)
#1 /cake/2.5.3/lib/Cake/Model/Datasource/DboSource.php(424): DboSource->_execute('SELECT ', Array)
#2 /cake/2.5.3/lib/Cake/Model/Datasource/DboSource.php(666): DboSource->execute('SELECT ', Array, Array)
#3 /cake/2.5.3/lib/Cake/Model/Datasource/DboSource.php(537): DboSource->fetchAll('SELECT ')
#4 [internal function]: DboSource->query('SELECT ')
#5 /cake/2.5.3/lib/Cake/Model/Model.php(3328): call_user_func_array(Array, Array)
#6 /var/www/html/ime/labbd/Controller/CursosController.php(21): Model->query('SELECT ')
#7 [internal function]: CursosController->view('7')
#8 /cake/2.5.3/lib/Cake/Controller/Controller.php(490): ReflectionMethod->invokeArgs(Object(CursosController), Array)
#9 /cake/2.5.3/lib/Cake/Routing/Dispatcher.php(191): Controller->invokeAction(Object(CakeRequest))
#10 /cake/2.5.3/lib/Cake/Routing/Dispatcher.php(165): Dispatcher->_invoke(Object(CursosController), Object(CakeRequest))
#11 /var/www/html/ime/labbd/webroot/index.php(108): Dispatcher->dispatch(Object(CakeRequest), Object(CakeResponse))
#12 {main}
2015-11-28 11:31:22 Error: [PDOException] SQLSTATE[42000]: Syntax error or access violation: 1064 You have an error in your SQL syntax; check the manual that corresponds to your MySQL server version for the right syntax to use near '' at line 1
Request URL: /ime/labbd/cursos/view/7
Stack Trace:
#0 /cake/2.5.3/lib/Cake/Model/Datasource/DboSource.php(458): PDOStatement->execute(Array)
#1 /cake/2.5.3/lib/Cake/Model/Datasource/DboSource.php(424): DboSource->_execute('SELECT ', Array)
#2 /cake/2.5.3/lib/Cake/Model/Datasource/DboSource.php(666): DboSource->execute('SELECT ', Array, Array)
#3 /cake/2.5.3/lib/Cake/Model/Datasource/DboSource.php(537): DboSource->fetchAll('SELECT ')
#4 [internal function]: DboSource->query('SELECT ')
#5 /cake/2.5.3/lib/Cake/Model/Model.php(3328): call_user_func_array(Array, Array)
#6 /var/www/html/ime/labbd/Controller/CursosController.php(21): Model->query('SELECT ')
#7 [internal function]: CursosController->view('7')
#8 /cake/2.5.3/lib/Cake/Controller/Controller.php(490): ReflectionMethod->invokeArgs(Object(CursosController), Array)
#9 /cake/2.5.3/lib/Cake/Routing/Dispatcher.php(191): Controller->invokeAction(Object(CakeRequest))
#10 /cake/2.5.3/lib/Cake/Routing/Dispatcher.php(165): Dispatcher->_invoke(Object(CursosController), Object(CakeRequest))
#11 /var/www/html/ime/labbd/webroot/index.php(108): Dispatcher->dispatch(Object(CakeRequest), Object(CakeResponse))
#12 {main}
2015-11-28 13:01:16 Error: [MissingActionException] Action MaterialsController::novo_material() could not be found.
Exception Attributes: array (
  'controller' => 'MaterialsController',
  'action' => 'novo_material',
)
Request URL: /ime/labbd/materials/novo_material/1
Stack Trace:
#0 /cake/2.5.3/lib/Cake/Routing/Dispatcher.php(191): Controller->invokeAction(Object(CakeRequest))
#1 /cake/2.5.3/lib/Cake/Routing/Dispatcher.php(165): Dispatcher->_invoke(Object(MaterialsController), Object(CakeRequest))
#2 /var/www/html/ime/labbd/webroot/index.php(108): Dispatcher->dispatch(Object(CakeRequest), Object(CakeResponse))
#3 {main}
2015-11-28 13:15:19 Error: Fatal Error (1): Call to a member function find() on a non-object in [/var/www/html/ime/labbd/Controller/MaterialsController.php, line 33]
2015-11-28 13:15:19 Error: [FatalErrorException] Call to a member function find() on a non-object
Request URL: /ime/labbd/materials/novo_material/1
Stack Trace:
#0 /cake/2.5.3/lib/Cake/Error/ErrorHandler.php(203): ErrorHandler::handleFatalError(1, 'Call to a membe...', '/var/www/html/i...', 33)
#1 [internal function]: ErrorHandler::handleError(1, 'Call to a membe...', '/var/www/html/i...', 33, Array)
#2 /cake/2.5.3/lib/Cake/Core/App.php(931): call_user_func('ErrorHandler::h...', 1, 'Call to a membe...', '/var/www/html/i...', 33, Array)
#3 /cake/2.5.3/lib/Cake/Core/App.php(904): App::_checkFatalError()
#4 [internal function]: App::shutdown()
#5 {main}
2015-11-28 13:19:35 Error: Fatal Error (1): Call to a member function find() on a non-object in [/var/www/html/ime/labbd/Controller/MaterialsController.php, line 33]
2015-11-28 13:19:35 Error: [FatalErrorException] Call to a member function find() on a non-object
Request URL: /ime/labbd/materials/novo_material/1
Stack Trace:
#0 /cake/2.5.3/lib/Cake/Error/ErrorHandler.php(203): ErrorHandler::handleFatalError(1, 'Call to a membe...', '/var/www/html/i...', 33)
#1 [internal function]: ErrorHandler::handleError(1, 'Call to a membe...', '/var/www/html/i...', 33, Array)
#2 /cake/2.5.3/lib/Cake/Core/App.php(931): call_user_func('ErrorHandler::h...', 1, 'Call to a membe...', '/var/www/html/i...', 33, Array)
#3 /cake/2.5.3/lib/Cake/Core/App.php(904): App::_checkFatalError()
#4 [internal function]: App::shutdown()
#5 {main}
2015-11-28 13:51:05 Error: [MissingControllerException] Controller class TextoController could not be found.
Exception Attributes: array (
  'class' => 'TextoController',
  'plugin' => NULL,
)
Request URL: /ime/labbd/texto/add
Stack Trace:
#0 /var/www/html/ime/labbd/webroot/index.php(108): Dispatcher->dispatch(Object(CakeRequest), Object(CakeResponse))
#1 {main}
2015-11-28 13:51:16 Error: [MissingControllerException] Controller class TextoController could not be found.
Exception Attributes: array (
  'class' => 'TextoController',
  'plugin' => NULL,
)
Request URL: /ime/labbd/texto/add
Stack Trace:
#0 /var/www/html/ime/labbd/webroot/index.php(108): Dispatcher->dispatch(Object(CakeRequest), Object(CakeResponse))
#1 {main}
2015-11-28 15:02:14 Error: [PDOException] SQLSTATE[42S22]: Column not found: 1054 Unknown column 'l.aula_id' in 'where clause'
Request URL: /ime/labbd/aulas/view/1
Stack Trace:
#0 /cake/2.5.3/lib/Cake/Model/Datasource/DboSource.php(458): PDOStatement->execute(Array)
#1 /cake/2.5.3/lib/Cake/Model/Datasource/DboSource.php(424): DboSource->_execute('SELECT * FROM l...', Array)
#2 /cake/2.5.3/lib/Cake/Model/Datasource/DboSource.php(666): DboSource->execute('SELECT * FROM l...', Array, Array)
#3 /cake/2.5.3/lib/Cake/Model/Datasource/DboSource.php(537): DboSource->fetchAll('SELECT * FROM l...')
#4 [internal function]: DboSource->query('SELECT * FROM l...')
#5 /cake/2.5.3/lib/Cake/Model/Model.php(3328): call_user_func_array(Array, Array)
#6 /var/www/html/ime/labbd/Controller/AulasController.php(19): Model->query('SELECT * FROM l...')
#7 [internal function]: AulasController->view('1')
#8 /cake/2.5.3/lib/Cake/Controller/Controller.php(490): ReflectionMethod->invokeArgs(Object(AulasController), Array)
#9 /cake/2.5.3/lib/Cake/Routing/Dispatcher.php(191): Controller->invokeAction(Object(CakeRequest))
#10 /cake/2.5.3/lib/Cake/Routing/Dispatcher.php(165): Dispatcher->_invoke(Object(AulasController), Object(CakeRequest))
#11 /var/www/html/ime/labbd/webroot/index.php(108): Dispatcher->dispatch(Object(CakeRequest), Object(CakeResponse))
#12 {main}
2015-11-28 15:11:16 Error: Fatal Error (4): syntax error, unexpected ']' in [/var/www/html/ime/labbd/View/Aulas/view.ctp, line 14]
2015-11-28 15:11:16 Error: [FatalErrorException] syntax error, unexpected ']'
Request URL: /ime/labbd/aulas/view/1
Stack Trace:
#0 /cake/2.5.3/lib/Cake/Error/ErrorHandler.php(203): ErrorHandler::handleFatalError(4, 'syntax error, u...', '/var/www/html/i...', 14)
#1 [internal function]: ErrorHandler::handleError(4, 'syntax error, u...', '/var/www/html/i...', 14, Array)
#2 /cake/2.5.3/lib/Cake/Core/App.php(931): call_user_func('ErrorHandler::h...', 4, 'syntax error, u...', '/var/www/html/i...', 14, Array)
#3 /cake/2.5.3/lib/Cake/Core/App.php(904): App::_checkFatalError()
#4 [internal function]: App::shutdown()
#5 {main}
2015-11-28 15:58:01 Error: [MissingControllerException] Controller class FontsController could not be found.
Exception Attributes: array (
  'class' => 'FontsController',
  'plugin' => NULL,
)
Request URL: /ime/labbd/fonts/glyphicons-regular.woff2
Stack Trace:
#0 /var/www/html/ime/labbd/webroot/index.php(108): Dispatcher->dispatch(Object(CakeRequest), Object(CakeResponse))
#1 {main}
2015-11-28 15:58:01 Error: [MissingControllerException] Controller class FontsController could not be found.
Exception Attributes: array (
  'class' => 'FontsController',
  'plugin' => NULL,
)
Request URL: /ime/labbd/fonts/glyphicons-regular.woff
Stack Trace:
#0 /var/www/html/ime/labbd/webroot/index.php(108): Dispatcher->dispatch(Object(CakeRequest), Object(CakeResponse))
#1 {main}
2015-11-28 15:58:01 Error: [MissingControllerException] Controller class FontsController could not be found.
Exception Attributes: array (
  'class' => 'FontsController',
  'plugin' => NULL,
)
Request URL: /ime/labbd/fonts/glyphicons-regular.ttf
Stack Trace:
#0 /var/www/html/ime/labbd/webroot/index.php(108): Dispatcher->dispatch(Object(CakeRequest), Object(CakeResponse))
#1 {main}
2015-11-28 15:58:11 Error: [MissingControllerException] Controller class ArquivoBaixadosController could not be found.
Exception Attributes: array (
  'class' => 'ArquivoBaixadosController',
  'plugin' => NULL,
)
Request URL: /ime/labbd/arquivo_baixados/baixa_arquivo/5
Stack Trace:
#0 /var/www/html/ime/labbd/webroot/index.php(108): Dispatcher->dispatch(Object(CakeRequest), Object(CakeResponse))
#1 {main}
2015-11-28 15:58:23 Error: [MissingControllerException] Controller class ArquivoBaixadosController could not be found.
Exception Attributes: array (
  'class' => 'ArquivoBaixadosController',
  'plugin' => NULL,
)
Request URL: /ime/labbd/arquivo_baixados/baixa_arquivo/5
Stack Trace:
#0 /var/www/html/ime/labbd/webroot/index.php(108): Dispatcher->dispatch(Object(CakeRequest), Object(CakeResponse))
#1 {main}
2015-11-28 15:58:27 Error: [MissingActionException] Action ArquivoSubidosController::baixa_arquivo() could not be found.
Exception Attributes: array (
  'controller' => 'ArquivoSubidosController',
  'action' => 'baixa_arquivo',
)
Request URL: /ime/labbd/arquivo_subidos/baixa_arquivo/5
Stack Trace:
#0 /cake/2.5.3/lib/Cake/Routing/Dispatcher.php(191): Controller->invokeAction(Object(CakeRequest))
#1 /cake/2.5.3/lib/Cake/Routing/Dispatcher.php(165): Dispatcher->_invoke(Object(ArquivoSubidosController), Object(CakeRequest))
#2 /var/www/html/ime/labbd/webroot/index.php(108): Dispatcher->dispatch(Object(CakeRequest), Object(CakeResponse))
#3 {main}
2015-11-28 15:59:03 Error: [NotFoundException] The requested file /var/www/html/ime/labbd//tmp/phpUMTlSO was not found or not readable
Request URL: /ime/labbd/arquivo_subidos/baixa_arquivo/5
Stack Trace:
#0 /var/www/html/ime/labbd/Controller/ArquivoSubidosController.php(33): CakeResponse->file('/tmp/phpUMTlSO', Array)
#1 [internal function]: ArquivoSubidosController->baixa_arquivo('5')
#2 /cake/2.5.3/lib/Cake/Controller/Controller.php(490): ReflectionMethod->invokeArgs(Object(ArquivoSubidosController), Array)
#3 /cake/2.5.3/lib/Cake/Routing/Dispatcher.php(191): Controller->invokeAction(Object(CakeRequest))
#4 /cake/2.5.3/lib/Cake/Routing/Dispatcher.php(165): Dispatcher->_invoke(Object(ArquivoSubidosController), Object(CakeRequest))
#5 /var/www/html/ime/labbd/webroot/index.php(108): Dispatcher->dispatch(Object(CakeRequest), Object(CakeResponse))
#6 {main}
2015-11-28 15:59:10 Error: [NotFoundException] The requested file /var/www/html/ime/labbd//tmp/phpUMTlSO was not found or not readable
Request URL: /ime/labbd/arquivo_subidos/baixa_arquivo/5
Stack Trace:
#0 /var/www/html/ime/labbd/Controller/ArquivoSubidosController.php(33): CakeResponse->file('/tmp/phpUMTlSO', Array)
#1 [internal function]: ArquivoSubidosController->baixa_arquivo('5')
#2 /cake/2.5.3/lib/Cake/Controller/Controller.php(490): ReflectionMethod->invokeArgs(Object(ArquivoSubidosController), Array)
#3 /cake/2.5.3/lib/Cake/Routing/Dispatcher.php(191): Controller->invokeAction(Object(CakeRequest))
#4 /cake/2.5.3/lib/Cake/Routing/Dispatcher.php(165): Dispatcher->_invoke(Object(ArquivoSubidosController), Object(CakeRequest))
#5 /var/www/html/ime/labbd/webroot/index.php(108): Dispatcher->dispatch(Object(CakeRequest), Object(CakeResponse))
#6 {main}
2015-11-28 15:59:55 Error: [NotFoundException] The requested file /var/www/html/ime/labbd//tmp/phpUMTlSO was not found or not readable
Request URL: /ime/labbd/arquivo_subidos/baixa_arquivo/5
Stack Trace:
#0 /var/www/html/ime/labbd/Controller/ArquivoSubidosController.php(33): CakeResponse->file('/tmp/phpUMTlSO', Array)
#1 [internal function]: ArquivoSubidosController->baixa_arquivo('5')
#2 /cake/2.5.3/lib/Cake/Controller/Controller.php(490): ReflectionMethod->invokeArgs(Object(ArquivoSubidosController), Array)
#3 /cake/2.5.3/lib/Cake/Routing/Dispatcher.php(191): Controller->invokeAction(Object(CakeRequest))
#4 /cake/2.5.3/lib/Cake/Routing/Dispatcher.php(165): Dispatcher->_invoke(Object(ArquivoSubidosController), Object(CakeRequest))
#5 /var/www/html/ime/labbd/webroot/index.php(108): Dispatcher->dispatch(Object(CakeRequest), Object(CakeResponse))
#6 {main}
2015-11-28 16:00:17 Error: [NotFoundException] The requested file /var/www/html/ime/labbd//tmp/phpUMTlSO was not found or not readable
Request URL: /ime/labbd/arquivo_subidos/baixa_arquivo/5
Stack Trace:
#0 /var/www/html/ime/labbd/Controller/ArquivoSubidosController.php(33): CakeResponse->file('/tmp/phpUMTlSO', Array)
#1 [internal function]: ArquivoSubidosController->baixa_arquivo('5')
#2 /cake/2.5.3/lib/Cake/Controller/Controller.php(490): ReflectionMethod->invokeArgs(Object(ArquivoSubidosController), Array)
#3 /cake/2.5.3/lib/Cake/Routing/Dispatcher.php(191): Controller->invokeAction(Object(CakeRequest))
#4 /cake/2.5.3/lib/Cake/Routing/Dispatcher.php(165): Dispatcher->_invoke(Object(ArquivoSubidosController), Object(CakeRequest))
#5 /var/www/html/ime/labbd/webroot/index.php(108): Dispatcher->dispatch(Object(CakeRequest), Object(CakeResponse))
#6 {main}
2015-11-28 16:02:02 Error: [NotFoundException] The requested file /var/www/html/ime/labbd//tmp/phpmc5P7D was not found or not readable
Request URL: /ime/labbd/arquivo_subidos/baixa_arquivo/6
Stack Trace:
#0 /var/www/html/ime/labbd/Controller/ArquivoSubidosController.php(17): CakeResponse->file('/tmp/phpmc5P7D', Array)
#1 [internal function]: ArquivoSubidosController->baixa_arquivo('6')
#2 /cake/2.5.3/lib/Cake/Controller/Controller.php(490): ReflectionMethod->invokeArgs(Object(ArquivoSubidosController), Array)
#3 /cake/2.5.3/lib/Cake/Routing/Dispatcher.php(191): Controller->invokeAction(Object(CakeRequest))
#4 /cake/2.5.3/lib/Cake/Routing/Dispatcher.php(165): Dispatcher->_invoke(Object(ArquivoSubidosController), Object(CakeRequest))
#5 /var/www/html/ime/labbd/webroot/index.php(108): Dispatcher->dispatch(Object(CakeRequest), Object(CakeResponse))
#6 {main}
2015-11-28 16:02:32 Error: [NotFoundException] The requested file /var/www/html/ime/labbd//tmp/phpmc5P7D was not found or not readable
Request URL: /ime/labbd/arquivo_subidos/baixa_arquivo/6
Stack Trace:
#0 /var/www/html/ime/labbd/Controller/ArquivoSubidosController.php(17): CakeResponse->file('/tmp/phpmc5P7D', Array)
#1 [internal function]: ArquivoSubidosController->baixa_arquivo('6')
#2 /cake/2.5.3/lib/Cake/Controller/Controller.php(490): ReflectionMethod->invokeArgs(Object(ArquivoSubidosController), Array)
#3 /cake/2.5.3/lib/Cake/Routing/Dispatcher.php(191): Controller->invokeAction(Object(CakeRequest))
#4 /cake/2.5.3/lib/Cake/Routing/Dispatcher.php(165): Dispatcher->_invoke(Object(ArquivoSubidosController), Object(CakeRequest))
#5 /var/www/html/ime/labbd/webroot/index.php(108): Dispatcher->dispatch(Object(CakeRequest), Object(CakeResponse))
#6 {main}
2015-11-28 17:17:23 Error: [NotFoundException] Invalid referencia externa
Request URL: /ime/labbd/referencia_externas/view/www.youtube.com
Stack Trace:
#0 [internal function]: ReferenciaExternasController->view('www.youtube.com')
#1 /cake/2.5.3/lib/Cake/Controller/Controller.php(490): ReflectionMethod->invokeArgs(Object(ReferenciaExternasController), Array)
#2 /cake/2.5.3/lib/Cake/Routing/Dispatcher.php(191): Controller->invokeAction(Object(CakeRequest))
#3 /cake/2.5.3/lib/Cake/Routing/Dispatcher.php(165): Dispatcher->_invoke(Object(ReferenciaExternasController), Object(CakeRequest))
#4 /var/www/html/ime/labbd/webroot/index.php(108): Dispatcher->dispatch(Object(CakeRequest), Object(CakeResponse))
#5 {main}
2015-11-28 17:17:38 Error: Fatal Error (4): syntax error, unexpected '$referenciaExterna' (T_VARIABLE) in [/var/www/html/ime/labbd/View/ReferenciaExternas/view.ctp, line 3]
2015-11-28 17:17:38 Error: [FatalErrorException] syntax error, unexpected '$referenciaExterna' (T_VARIABLE)
Request URL: /ime/labbd/referencia_externas/view/1
Stack Trace:
#0 /cake/2.5.3/lib/Cake/Error/ErrorHandler.php(203): ErrorHandler::handleFatalError(4, 'syntax error, u...', '/var/www/html/i...', 3)
#1 [internal function]: ErrorHandler::handleError(4, 'syntax error, u...', '/var/www/html/i...', 3, Array)
#2 /cake/2.5.3/lib/Cake/Core/App.php(931): call_user_func('ErrorHandler::h...', 4, 'syntax error, u...', '/var/www/html/i...', 3, Array)
#3 /cake/2.5.3/lib/Cake/Core/App.php(904): App::_checkFatalError()
#4 [internal function]: App::shutdown()
#5 {main}
2015-11-28 17:17:42 Error: Fatal Error (4): syntax error, unexpected ';' in [/var/www/html/ime/labbd/View/ReferenciaExternas/view.ctp, line 3]
2015-11-28 17:17:42 Error: [FatalErrorException] syntax error, unexpected ';'
Request URL: /ime/labbd/referencia_externas/view/1
Stack Trace:
#0 /cake/2.5.3/lib/Cake/Error/ErrorHandler.php(203): ErrorHandler::handleFatalError(4, 'syntax error, u...', '/var/www/html/i...', 3)
#1 [internal function]: ErrorHandler::handleError(4, 'syntax error, u...', '/var/www/html/i...', 3, Array)
#2 /cake/2.5.3/lib/Cake/Core/App.php(931): call_user_func('ErrorHandler::h...', 4, 'syntax error, u...', '/var/www/html/i...', 3, Array)
#3 /cake/2.5.3/lib/Cake/Core/App.php(904): App::_checkFatalError()
#4 [internal function]: App::shutdown()
#5 {main}
2015-11-28 17:17:43 Error: Fatal Error (4): syntax error, unexpected ';' in [/var/www/html/ime/labbd/View/ReferenciaExternas/view.ctp, line 3]
2015-11-28 17:17:43 Error: [FatalErrorException] syntax error, unexpected ';'
Request URL: /ime/labbd/referencia_externas/view/1
Stack Trace:
#0 /cake/2.5.3/lib/Cake/Error/ErrorHandler.php(203): ErrorHandler::handleFatalError(4, 'syntax error, u...', '/var/www/html/i...', 3)
#1 [internal function]: ErrorHandler::handleError(4, 'syntax error, u...', '/var/www/html/i...', 3, Array)
#2 /cake/2.5.3/lib/Cake/Core/App.php(931): call_user_func('ErrorHandler::h...', 4, 'syntax error, u...', '/var/www/html/i...', 3, Array)
#3 /cake/2.5.3/lib/Cake/Core/App.php(904): App::_checkFatalError()
#4 [internal function]: App::shutdown()
#5 {main}
2015-11-28 17:24:43 Error: [NotFoundException] Invalid referencia externa
Request URL: /ime/labbd/referencia_externas/view/www.youtube.com
Stack Trace:
#0 [internal function]: ReferenciaExternasController->view('www.youtube.com')
#1 /cake/2.5.3/lib/Cake/Controller/Controller.php(490): ReflectionMethod->invokeArgs(Object(ReferenciaExternasController), Array)
#2 /cake/2.5.3/lib/Cake/Routing/Dispatcher.php(191): Controller->invokeAction(Object(CakeRequest))
#3 /cake/2.5.3/lib/Cake/Routing/Dispatcher.php(165): Dispatcher->_invoke(Object(ReferenciaExternasController), Object(CakeRequest))
#4 /var/www/html/ime/labbd/webroot/index.php(108): Dispatcher->dispatch(Object(CakeRequest), Object(CakeResponse))
#5 {main}
2015-11-28 17:49:55 Error: Fatal Error (1): Call to undefined method ParticipasController::findById() in [/var/www/html/ime/labbd/Controller/ParticipasController.php, line 60]
2015-11-28 17:49:55 Error: [FatalErrorException] Call to undefined method ParticipasController::findById()
Request URL: /ime/labbd/participas/add/2
Stack Trace:
#0 /cake/2.5.3/lib/Cake/Error/ErrorHandler.php(203): ErrorHandler::handleFatalError(1, 'Call to undefin...', '/var/www/html/i...', 60)
#1 [internal function]: ErrorHandler::handleError(1, 'Call to undefin...', '/var/www/html/i...', 60, Array)
#2 /cake/2.5.3/lib/Cake/Core/App.php(931): call_user_func('ErrorHandler::h...', 1, 'Call to undefin...', '/var/www/html/i...', 60, Array)
#3 /cake/2.5.3/lib/Cake/Core/App.php(904): App::_checkFatalError()
#4 [internal function]: App::shutdown()
#5 {main}
2015-11-28 17:53:07 Error: [PDOException] SQLSTATE[23000]: Integrity constraint violation: 1452 Cannot add or update a child row: a foreign key constraint fails (`labbd`.`participas`, CONSTRAINT `FK_participas_cursos` FOREIGN KEY (`curso_id`) REFERENCES `cursos` (`id`))
Request URL: /ime/labbd/participas/add/2
Stack Trace:
#0 /cake/2.5.3/lib/Cake/Model/Datasource/DboSource.php(458): PDOStatement->execute(Array)
#1 /cake/2.5.3/lib/Cake/Model/Datasource/DboSource.php(424): DboSource->_execute('INSERT INTO `la...', Array)
#2 /cake/2.5.3/lib/Cake/Model/Datasource/DboSource.php(1012): DboSource->execute('INSERT INTO `la...')
#3 /cake/2.5.3/lib/Cake/Model/Model.php(1850): DboSource->create(Object(Participa), Array, Array)
#4 /var/www/html/ime/labbd/Controller/ParticipasController.php(51): Model->save(Array)
#5 [internal function]: ParticipasController->add('2')
#6 /cake/2.5.3/lib/Cake/Controller/Controller.php(490): ReflectionMethod->invokeArgs(Object(ParticipasController), Array)
#7 /cake/2.5.3/lib/Cake/Routing/Dispatcher.php(191): Controller->invokeAction(Object(CakeRequest))
#8 /cake/2.5.3/lib/Cake/Routing/Dispatcher.php(165): Dispatcher->_invoke(Object(ParticipasController), Object(CakeRequest))
#9 /var/www/html/ime/labbd/webroot/index.php(108): Dispatcher->dispatch(Object(CakeRequest), Object(CakeResponse))
#10 {main}
2015-11-28 17:53:35 Error: [PDOException] SQLSTATE[23000]: Integrity constraint violation: 1452 Cannot add or update a child row: a foreign key constraint fails (`labbd`.`participas`, CONSTRAINT `FK_participas_cursos` FOREIGN KEY (`curso_id`) REFERENCES `cursos` (`id`))
Request URL: /ime/labbd/participas/add/2
Stack Trace:
#0 /cake/2.5.3/lib/Cake/Model/Datasource/DboSource.php(458): PDOStatement->execute(Array)
#1 /cake/2.5.3/lib/Cake/Model/Datasource/DboSource.php(424): DboSource->_execute('INSERT INTO `la...', Array)
#2 /cake/2.5.3/lib/Cake/Model/Datasource/DboSource.php(1012): DboSource->execute('INSERT INTO `la...')
#3 /cake/2.5.3/lib/Cake/Model/Model.php(1850): DboSource->create(Object(Participa), Array, Array)
#4 /var/www/html/ime/labbd/Controller/ParticipasController.php(51): Model->save(Array)
#5 [internal function]: ParticipasController->add('2')
#6 /cake/2.5.3/lib/Cake/Controller/Controller.php(490): ReflectionMethod->invokeArgs(Object(ParticipasController), Array)
#7 /cake/2.5.3/lib/Cake/Routing/Dispatcher.php(191): Controller->invokeAction(Object(CakeRequest))
#8 /cake/2.5.3/lib/Cake/Routing/Dispatcher.php(165): Dispatcher->_invoke(Object(ParticipasController), Object(CakeRequest))
#9 /var/www/html/ime/labbd/webroot/index.php(108): Dispatcher->dispatch(Object(CakeRequest), Object(CakeResponse))
#10 {main}
